<?xml version="1.0" encoding="UTF-8"?>
<!-- Generated by org.testng.reporters.JUnitReportReporter -->
<testsuite skipped="0" hostname="DESKTOP-4JTHCOI" name="com.elf.testscripts.CreateCustomer" tests="1" failures="0" timestamp="24 Jul 2020 17:27:26 GMT" time="34.148" errors="0">
  <testcase name="testCreateCustomer" time="34.148" classname="com.elf.testscripts.CreateCustomer"/>
</testsuite> <!-- com.elf.testscripts.CreateCustomer -->
